<?xml version="1.0" encoding="UTF-8"?>
<testng-results skipped="0" failed="1" total="1" passed="0">
  <reporter-output>
  </reporter-output>
  <suite name="Default suite" duration-ms="31645" started-at="2020-07-18T07:50:01Z" finished-at="2020-07-18T07:50:33Z">
    <groups>
    </groups>
    <test name="Default test" duration-ms="31645" started-at="2020-07-18T07:50:01Z" finished-at="2020-07-18T07:50:33Z">
      <class name="testng01.list_lestng.apptest">
        <test-method status="PASS" signature="before()[pri:0, instance:testng01.list_lestng.apptest@475530b9]" name="before" is-config="true" duration-ms="5889" started-at="2020-07-18T13:50:01Z" finished-at="2020-07-18T13:50:07Z">
          <reporter-output>
          </reporter-output>
        </test-method> <!-- before -->
        <test-method status="FAIL" signature="varify_registration_duplicate_email_test()[pri:8, instance:testng01.list_lestng.apptest@475530b9]" name="varify_registration_duplicate_email_test" duration-ms="21968" started-at="2020-07-18T13:50:07Z" finished-at="2020-07-18T13:50:29Z">
          <exception class="java.lang.AssertionError">
            <message>
              <![CDATA[expected [ Warning: E-Mail Address is already registered!] but found [Warning: E-Mail Address is already registered!]]]>
            </message>
            <full-stacktrace>
              <![CDATA[java.lang.AssertionError: expected [ Warning: E-Mail Address is already registered!] but found [Warning: E-Mail Address is already registered!]
	at org.testng.Assert.fail(Assert.java:94)
	at org.testng.Assert.failNotEquals(Assert.java:513)
	at org.testng.Assert.assertEqualsImpl(Assert.java:135)
	at org.testng.Assert.assertEquals(Assert.java:116)
	at org.testng.Assert.assertEquals(Assert.java:190)
	at org.testng.Assert.assertEquals(Assert.java:200)
	at testng01.list_lestng.apptest.varify_registration_duplicate_email_test(apptest.java:186)
	at sun.reflect.NativeMethodAccessorImpl.invoke0(Native Method)
	at sun.reflect.NativeMethodAccessorImpl.invoke(Unknown Source)
	at sun.reflect.DelegatingMethodAccessorImpl.invoke(Unknown Source)
	at java.lang.reflect.Method.invoke(Unknown Source)
	at org.testng.internal.MethodInvocationHelper.invokeMethod(MethodInvocationHelper.java:86)
	at org.testng.internal.Invoker.invokeMethod(Invoker.java:646)
	at org.testng.internal.Invoker.invokeTestMethod(Invoker.java:823)
	at org.testng.internal.Invoker.invokeTestMethods(Invoker.java:1131)
	at org.testng.internal.TestMethodWorker.invokeTestMethods(TestMethodWorker.java:129)
	at org.testng.internal.TestMethodWorker.run(TestMethodWorker.java:112)
	at org.testng.TestRunner.privateRun(TestRunner.java:778)
	at org.testng.TestRunner.run(TestRunner.java:632)
	at org.testng.SuiteRunner.runTest(SuiteRunner.java:366)
	at org.testng.SuiteRunner.runSequentially(SuiteRunner.java:361)
	at org.testng.SuiteRunner.privateRun(SuiteRunner.java:319)
	at org.testng.SuiteRunner.run(SuiteRunner.java:268)
	at org.testng.SuiteRunnerWorker.runSuite(SuiteRunnerWorker.java:52)
	at org.testng.SuiteRunnerWorker.run(SuiteRunnerWorker.java:86)
	at org.testng.TestNG.runSuitesSequentially(TestNG.java:1225)
	at org.testng.TestNG.runSuitesLocally(TestNG.java:1150)
	at org.testng.TestNG.runSuites(TestNG.java:1075)
	at org.testng.TestNG.run(TestNG.java:1047)
	at org.testng.remote.AbstractRemoteTestNG.run(AbstractRemoteTestNG.java:126)
	at org.testng.remote.RemoteTestNG.initAndRun(RemoteTestNG.java:137)
	at org.testng.remote.RemoteTestNG.main(RemoteTestNG.java:58)
]]>
            </full-stacktrace>
          </exception> <!-- java.lang.AssertionError -->
          <reporter-output>
          </reporter-output>
        </test-method> <!-- varify_registration_duplicate_email_test -->
        <test-method status="PASS" signature="after()[pri:0, instance:testng01.list_lestng.apptest@475530b9]" name="after" is-config="true" duration-ms="3734" started-at="2020-07-18T13:50:29Z" finished-at="2020-07-18T13:50:33Z">
          <reporter-output>
          </reporter-output>
        </test-method> <!-- after -->
      </class> <!-- testng01.list_lestng.apptest -->
    </test> <!-- Default test -->
  </suite> <!-- Default suite -->
</testng-results>
